{"/home/gamabunta/metalamp/src/sum.ts": {"path":"/home/gamabunta/metalamp/src/sum.ts","statementMap":{"0":{"start":{"line":1,"column":12},"end":{"line":1,"column":51}},"1":{"start":{"line":1,"column":46},"end":{"line":1,"column":51}},"2":{"start":{"line":3,"column":0},"end":{"line":3,"column":23}},"3":{"start":{"line":5,"column":0},"end":{"line":5,"column":19}}},"fnMap":{"0":{"name":"(anonymous_0)","decl":{"start":{"line":1,"column":12},"end":{"line":1,"column":13}},"loc":{"start":{"line":1,"column":46},"end":{"line":1,"column":51}}}},"branchMap":{},"s":{"0":1,"1":2,"2":1,"3":1},"f":{"0":2},"b":{}}
}
